// <autogenerated>
//   This file contains the list of files generated by EntityCodeScript.tt.
//   It is used by T4 Toolbox (http://www.codeplex.com/t4toolbox) to automatically delete
//   generated files that are no longer necessary. Do not modify this file manually. Manual
//   changes may cause orphaned files and will be lost next time the code is regenerated.
// </autogenerated>
..\Configurations\Tasks\TaskConfiguration.generated.cs
..\Repositories\Tasks\ITaskRepository.generated.cs
..\Repositories\Tasks\Impl\TaskRepository.generated.cs
..\Configurations\Forums\ForumConfiguration.generated.cs
..\Repositories\Forums\IForumRepository.generated.cs
..\Repositories\Forums\Impl\ForumRepository.generated.cs
..\Configurations\Tasks\TaskTypeConfiguration.generated.cs
..\Repositories\Tasks\ITaskTypeRepository.generated.cs
..\Repositories\Tasks\Impl\TaskTypeRepository.generated.cs
..\Configurations\Account\SystemUserConfiguration.generated.cs
..\Repositories\Account\ISystemUserRepository.generated.cs
..\Repositories\Account\Impl\SystemUserRepository.generated.cs
..\Configurations\Tasks\TaskPlanConfiguration.generated.cs
..\Repositories\Tasks\ITaskPlanRepository.generated.cs
..\Repositories\Tasks\Impl\TaskPlanRepository.generated.cs
..\Configurations\Security\RoleConfiguration.generated.cs
..\Repositories\Security\IRoleRepository.generated.cs
..\Repositories\Security\Impl\RoleRepository.generated.cs
..\Configurations\Files\FileResourceConfiguration.generated.cs
..\Repositories\Files\IFileResourceRepository.generated.cs
..\Repositories\Files\Impl\FileResourceRepository.generated.cs
..\Configurations\Systems\LogInfoConfiguration.generated.cs
..\Repositories\Systems\ILogInfoRepository.generated.cs
..\Repositories\Systems\Impl\LogInfoRepository.generated.cs
..\Configurations\Forums\ForumTypeConfiguration.generated.cs
..\Repositories\Forums\IForumTypeRepository.generated.cs
..\Repositories\Forums\Impl\ForumTypeRepository.generated.cs
..\Configurations\Stores\StoreConfiguration.generated.cs
..\Repositories\Stores\IStoreRepository.generated.cs
..\Repositories\Stores\Impl\StoreRepository.generated.cs
..\Configurations\Forums\ForumCommentConfiguration.generated.cs
..\Repositories\Forums\IForumCommentRepository.generated.cs
..\Repositories\Forums\Impl\ForumCommentRepository.generated.cs
..\Configurations\Tasks\PlanPaceConfiguration.generated.cs
..\Repositories\Tasks\IPlanPaceRepository.generated.cs
..\Repositories\Tasks\Impl\PlanPaceRepository.generated.cs
..\Configurations\Files\FileTypeConfiguration.generated.cs
..\Repositories\Files\IFileTypeRepository.generated.cs
..\Repositories\Files\Impl\FileTypeRepository.generated.cs
..\Configurations\Files\FileConfiguration.generated.cs
..\Repositories\Files\IFileRepository.generated.cs
..\Repositories\Files\Impl\FileRepository.generated.cs
..\Configurations\Account\LoginLogConfiguration.generated.cs
..\Repositories\Account\ILoginLogRepository.generated.cs
..\Repositories\Account\Impl\LoginLogRepository.generated.cs
..\Configurations\Stores\ProjectConfiguration.generated.cs
..\Repositories\Stores\IProjectRepository.generated.cs
..\Repositories\Stores\Impl\ProjectRepository.generated.cs
.\EntityCodeScript.tt.log
